<?xml version="1.0" encoding="UTF-8"?>
<!-- Generated by org.testng.reporters.JUnitReportReporter -->
<testsuite hostname="Vineela" failures="0" tests="1" name="framework.testscripts.SearchProductandTitle" time="7.746" errors="0" timestamp="2025-08-13T19:53:13 IST" skipped="0">
  <testcase classname="framework.testscripts.SearchProductandTitle" name="testProductSearchandTitle" time="7.746"/>
</testsuite> <!-- framework.testscripts.SearchProductandTitle -->
